<?xml version="1.0" encoding="UTF-8"?>
<testng-results ignored="0" total="17" passed="15" failed="2" skipped="0">
  <reporter-output>
  </reporter-output>
  <suite started-at="2019-11-21T20:02:14 IST" name="RestAssured-GoogleAPISuite" finished-at="2019-11-21T20:06:15 IST" duration-ms="241513">
    <groups>
    </groups>
    <test started-at="2019-11-21T20:02:14 IST" name="CalendarAPITest" finished-at="2019-11-21T20:03:09 IST" duration-ms="55282">
      <class name="RestAssuredProject.CalendarAPITest">
        <test-method is-config="true" signature="gettingAuthToken()[pri:0, instance:RestAssuredProject.CalendarAPITest@1f0f1111]" started-at="2019-11-21T20:02:14 IST" name="gettingAuthToken" finished-at="2019-11-21T20:02:57 IST" duration-ms="42839" status="PASS">
          <reporter-output>
          </reporter-output>
        </test-method> <!-- gettingAuthToken -->
        <test-method signature="getCalendarListTest()[pri:1, instance:RestAssuredProject.CalendarAPITest@1f0f1111]" started-at="2019-11-21T20:02:57 IST" name="getCalendarListTest" finished-at="2019-11-21T20:02:58 IST" duration-ms="1191" status="PASS">
          <reporter-output>
          </reporter-output>
        </test-method> <!-- getCalendarListTest -->
        <test-method signature="getCalendarTest()[pri:2, instance:RestAssuredProject.CalendarAPITest@1f0f1111]" started-at="2019-11-21T20:02:58 IST" name="getCalendarTest" finished-at="2019-11-21T20:03:00 IST" duration-ms="1902" status="PASS">
          <reporter-output>
          </reporter-output>
        </test-method> <!-- getCalendarTest -->
        <test-method signature="getCalendarColorsTest()[pri:3, instance:RestAssuredProject.CalendarAPITest@1f0f1111]" started-at="2019-11-21T20:03:00 IST" name="getCalendarColorsTest" finished-at="2019-11-21T20:03:03 IST" duration-ms="3340" status="PASS">
          <reporter-output>
          </reporter-output>
        </test-method> <!-- getCalendarColorsTest -->
        <test-method signature="getCalendarEventListTest()[pri:4, instance:RestAssuredProject.CalendarAPITest@1f0f1111]" started-at="2019-11-21T20:03:03 IST" name="getCalendarEventListTest" finished-at="2019-11-21T20:03:05 IST" duration-ms="1506" status="PASS">
          <reporter-output>
          </reporter-output>
        </test-method> <!-- getCalendarEventListTest -->
        <test-method signature="listUserCalendarSettingsTest()[pri:5, instance:RestAssuredProject.CalendarAPITest@1f0f1111]" started-at="2019-11-21T20:03:05 IST" name="listUserCalendarSettingsTest" finished-at="2019-11-21T20:03:08 IST" duration-ms="2922" status="PASS">
          <reporter-output>
          </reporter-output>
        </test-method> <!-- listUserCalendarSettingsTest -->
        <test-method signature="createAnEventTest()[pri:6, instance:RestAssuredProject.CalendarAPITest@1f0f1111]" started-at="2019-11-21T20:03:08 IST" name="createAnEventTest" finished-at="2019-11-21T20:03:09 IST" duration-ms="1432" status="PASS">
          <reporter-output>
          </reporter-output>
        </test-method> <!-- createAnEventTest -->
      </class> <!-- RestAssuredProject.CalendarAPITest -->
    </test> <!-- CalendarAPITest -->
    <test started-at="2019-11-21T20:03:09 IST" name="GmailAPITest" finished-at="2019-11-21T20:03:56 IST" duration-ms="46564">
      <class name="RestAssuredProject.GmailAPITest">
        <test-method is-config="true" signature="gettingAuthToken()[pri:0, instance:RestAssuredProject.GmailAPITest@5ae50ce6]" started-at="2019-11-21T20:03:09 IST" name="gettingAuthToken" finished-at="2019-11-21T20:03:45 IST" duration-ms="35666" status="PASS">
          <reporter-output>
          </reporter-output>
        </test-method> <!-- gettingAuthToken -->
        <test-method signature="getCurrentUserProfile()[pri:1, instance:RestAssuredProject.GmailAPITest@5ae50ce6]" started-at="2019-11-21T20:03:45 IST" name="getCurrentUserProfile" finished-at="2019-11-21T20:03:46 IST" duration-ms="856" status="PASS">
          <reporter-output>
          </reporter-output>
        </test-method> <!-- getCurrentUserProfile -->
        <test-method signature="listUserMessages()[pri:2, instance:RestAssuredProject.GmailAPITest@5ae50ce6]" started-at="2019-11-21T20:03:46 IST" name="listUserMessages" finished-at="2019-11-21T20:03:47 IST" duration-ms="1010" status="PASS">
          <reporter-output>
          </reporter-output>
        </test-method> <!-- listUserMessages -->
        <test-method signature="getUserMessages()[pri:3, instance:RestAssuredProject.GmailAPITest@5ae50ce6]" started-at="2019-11-21T20:03:47 IST" name="getUserMessages" finished-at="2019-11-21T20:03:48 IST" duration-ms="969" status="PASS">
          <reporter-output>
          </reporter-output>
        </test-method> <!-- getUserMessages -->
        <test-method signature="deleteMessageFromGmail()[pri:4, instance:RestAssuredProject.GmailAPITest@5ae50ce6]" started-at="2019-11-21T20:03:48 IST" name="deleteMessageFromGmail" finished-at="2019-11-21T20:03:49 IST" duration-ms="1409" status="PASS">
          <reporter-output>
          </reporter-output>
        </test-method> <!-- deleteMessageFromGmail -->
        <test-method signature="sendEmailfromGmail()[pri:5, instance:RestAssuredProject.GmailAPITest@5ae50ce6]" started-at="2019-11-21T20:03:49 IST" name="sendEmailfromGmail" finished-at="2019-11-21T20:03:51 IST" duration-ms="1533" status="FAIL">
          <exception class="java.lang.AssertionError">
            <message>
              <![CDATA[1 expectation failed.
Expected status code <200> but was <400>.
]]>
            </message>
            <full-stacktrace>
              <![CDATA[java.lang.AssertionError: 1 expectation failed.
Expected status code <200> but was <400>.

at java.base/jdk.internal.reflect.NativeConstructorAccessorImpl.newInstance0(Native Method)
at java.base/jdk.internal.reflect.NativeConstructorAccessorImpl.newInstance(NativeConstructorAccessorImpl.java:62)
at java.base/jdk.internal.reflect.DelegatingConstructorAccessorImpl.newInstance(DelegatingConstructorAccessorImpl.java:45)
at java.base/java.lang.reflect.Constructor.newInstanceWithCaller(Constructor.java:500)
at java.base/java.lang.reflect.Constructor.newInstance(Constructor.java:481)
at org.codehaus.groovy.reflection.CachedConstructor.invoke(CachedConstructor.java:80)
at org.codehaus.groovy.reflection.CachedConstructor.doConstructorInvoke(CachedConstructor.java:74)
at org.codehaus.groovy.runtime.callsite.ConstructorSite$ConstructorSiteNoUnwrap.callConstructor(ConstructorSite.java:84)
at org.codehaus.groovy.runtime.callsite.CallSiteArray.defaultCallConstructor(CallSiteArray.java:59)
at org.codehaus.groovy.runtime.callsite.AbstractCallSite.callConstructor(AbstractCallSite.java:237)
at org.codehaus.groovy.runtime.callsite.AbstractCallSite.callConstructor(AbstractCallSite.java:249)
at io.restassured.internal.ResponseSpecificationImpl$HamcrestAssertionClosure.validate(ResponseSpecificationImpl.groovy:493)
at io.restassured.internal.ResponseSpecificationImpl$HamcrestAssertionClosure$validate$1.call(Unknown Source)
at io.restassured.internal.ResponseSpecificationImpl.validateResponseIfRequired(ResponseSpecificationImpl.groovy:674)
at jdk.internal.reflect.GeneratedMethodAccessor41.invoke(Unknown Source)
at java.base/jdk.internal.reflect.DelegatingMethodAccessorImpl.invoke(DelegatingMethodAccessorImpl.java:43)
at java.base/java.lang.reflect.Method.invoke(Method.java:567)
at org.codehaus.groovy.runtime.callsite.PlainObjectMetaMethodSite.doInvoke(PlainObjectMetaMethodSite.java:43)
at org.codehaus.groovy.runtime.callsite.PogoMetaMethodSite$PogoCachedMethodSiteNoUnwrapNoCoerce.invoke(PogoMetaMethodSite.java:190)
at org.codehaus.groovy.runtime.callsite.PogoMetaMethodSite.callCurrent(PogoMetaMethodSite.java:58)
at org.codehaus.groovy.runtime.callsite.AbstractCallSite.callCurrent(AbstractCallSite.java:168)
at io.restassured.internal.ResponseSpecificationImpl.statusCode(ResponseSpecificationImpl.groovy:126)
at io.restassured.specification.ResponseSpecification$statusCode$0.callCurrent(Unknown Source)
at io.restassured.internal.ResponseSpecificationImpl.statusCode(ResponseSpecificationImpl.groovy:134)
at io.restassured.internal.ValidatableResponseOptionsImpl.statusCode(ValidatableResponseOptionsImpl.java:89)
at io.restassured.internal.ValidatableResponseImpl.super$2$statusCode(ValidatableResponseImpl.groovy)
at java.base/jdk.internal.reflect.NativeMethodAccessorImpl.invoke0(Native Method)
at java.base/jdk.internal.reflect.NativeMethodAccessorImpl.invoke(NativeMethodAccessorImpl.java:62)
at java.base/jdk.internal.reflect.DelegatingMethodAccessorImpl.invoke(DelegatingMethodAccessorImpl.java:43)
at java.base/java.lang.reflect.Method.invoke(Method.java:567)
at org.codehaus.groovy.reflection.CachedMethod.invoke(CachedMethod.java:101)
at groovy.lang.MetaMethod.doMethodInvoke(MetaMethod.java:323)
at groovy.lang.MetaClassImpl.invokeMethod(MetaClassImpl.java:1217)
at org.codehaus.groovy.runtime.ScriptBytecodeAdapter.invokeMethodOnSuperN(ScriptBytecodeAdapter.java:144)
at io.restassured.internal.ValidatableResponseImpl.statusCode(ValidatableResponseImpl.groovy:142)
at io.restassured.internal.ValidatableResponseImpl.statusCode(ValidatableResponseImpl.groovy)
at RestAssuredProject.GmailAPI.sendMessageFromGmail(GmailAPI.java:171)
at RestAssuredProject.GmailAPITest.sendEmailfromGmail(GmailAPITest.java:104)
at java.base/jdk.internal.reflect.NativeMethodAccessorImpl.invoke0(Native Method)
at java.base/jdk.internal.reflect.NativeMethodAccessorImpl.invoke(NativeMethodAccessorImpl.java:62)
at java.base/jdk.internal.reflect.DelegatingMethodAccessorImpl.invoke(DelegatingMethodAccessorImpl.java:43)
at java.base/java.lang.reflect.Method.invoke(Method.java:567)
at org.testng.internal.MethodInvocationHelper.invokeMethod(MethodInvocationHelper.java:133)
at org.testng.internal.TestInvoker.invokeMethod(TestInvoker.java:584)
at org.testng.internal.TestInvoker.invokeTestMethod(TestInvoker.java:172)
at org.testng.internal.MethodRunner.runInSequence(MethodRunner.java:46)
at org.testng.internal.TestInvoker$MethodInvocationAgent.invoke(TestInvoker.java:804)
at org.testng.internal.TestInvoker.invokeTestMethods(TestInvoker.java:145)
at org.testng.internal.TestMethodWorker.invokeTestMethods(TestMethodWorker.java:146)
at org.testng.internal.TestMethodWorker.run(TestMethodWorker.java:128)
at java.base/java.util.ArrayList.forEach(ArrayList.java:1540)
at org.testng.TestRunner.privateRun(TestRunner.java:770)
at org.testng.TestRunner.run(TestRunner.java:591)
at org.testng.SuiteRunner.runTest(SuiteRunner.java:402)
at org.testng.SuiteRunner.runSequentially(SuiteRunner.java:396)
at org.testng.SuiteRunner.privateRun(SuiteRunner.java:355)
at org.testng.SuiteRunner.run(SuiteRunner.java:304)
at org.testng.SuiteRunnerWorker.runSuite(SuiteRunnerWorker.java:53)
at org.testng.SuiteRunnerWorker.run(SuiteRunnerWorker.java:96)
at org.testng.TestNG.runSuitesSequentially(TestNG.java:1180)
at org.testng.TestNG.runSuitesLocally(TestNG.java:1102)
at org.testng.TestNG.runSuites(TestNG.java:1032)
at org.testng.TestNG.run(TestNG.java:1000)
at org.testng.remote.AbstractRemoteTestNG.run(AbstractRemoteTestNG.java:115)
at org.testng.remote.RemoteTestNG.initAndRun(RemoteTestNG.java:251)
at org.testng.remote.RemoteTestNG.main(RemoteTestNG.java:77)
]]>
            </full-stacktrace>
          </exception> <!-- java.lang.AssertionError -->
          <reporter-output>
          </reporter-output>
        </test-method> <!-- sendEmailfromGmail -->
        <test-method signature="listUserDraftMessage()[pri:6, instance:RestAssuredProject.GmailAPITest@5ae50ce6]" started-at="2019-11-21T20:03:51 IST" name="listUserDraftMessage" finished-at="2019-11-21T20:03:52 IST" duration-ms="1898" status="PASS">
          <reporter-output>
          </reporter-output>
        </test-method> <!-- listUserDraftMessage -->
        <test-method signature="getDraftMessage()[pri:7, instance:RestAssuredProject.GmailAPITest@5ae50ce6]" started-at="2019-11-21T20:03:52 IST" name="getDraftMessage" finished-at="2019-11-21T20:03:54 IST" duration-ms="1951" status="PASS">
          <reporter-output>
          </reporter-output>
        </test-method> <!-- getDraftMessage -->
        <test-method signature="deleteDraftMessage()[pri:8, instance:RestAssuredProject.GmailAPITest@5ae50ce6]" started-at="2019-11-21T20:03:54 IST" name="deleteDraftMessage" finished-at="2019-11-21T20:03:55 IST" duration-ms="899" status="PASS">
          <reporter-output>
          </reporter-output>
        </test-method> <!-- deleteDraftMessage -->
        <test-method signature="createDraftinGmail()[pri:9, instance:RestAssuredProject.GmailAPITest@5ae50ce6]" started-at="2019-11-21T20:03:55 IST" name="createDraftinGmail" finished-at="2019-11-21T20:03:56 IST" duration-ms="315" status="FAIL">
          <exception class="java.lang.AssertionError">
            <message>
              <![CDATA[1 expectation failed.
Expected status code <200> but was <400>.
]]>
            </message>
            <full-stacktrace>
              <![CDATA[java.lang.AssertionError: 1 expectation failed.
Expected status code <200> but was <400>.

at java.base/jdk.internal.reflect.NativeConstructorAccessorImpl.newInstance0(Native Method)
at java.base/jdk.internal.reflect.NativeConstructorAccessorImpl.newInstance(NativeConstructorAccessorImpl.java:62)
at java.base/jdk.internal.reflect.DelegatingConstructorAccessorImpl.newInstance(DelegatingConstructorAccessorImpl.java:45)
at java.base/java.lang.reflect.Constructor.newInstanceWithCaller(Constructor.java:500)
at java.base/java.lang.reflect.Constructor.newInstance(Constructor.java:481)
at org.codehaus.groovy.reflection.CachedConstructor.invoke(CachedConstructor.java:80)
at org.codehaus.groovy.reflection.CachedConstructor.doConstructorInvoke(CachedConstructor.java:74)
at org.codehaus.groovy.runtime.callsite.ConstructorSite$ConstructorSiteNoUnwrap.callConstructor(ConstructorSite.java:84)
at org.codehaus.groovy.runtime.callsite.AbstractCallSite.callConstructor(AbstractCallSite.java:249)
at io.restassured.internal.ResponseSpecificationImpl$HamcrestAssertionClosure.validate(ResponseSpecificationImpl.groovy:493)
at io.restassured.internal.ResponseSpecificationImpl$HamcrestAssertionClosure$validate$1.call(Unknown Source)
at io.restassured.internal.ResponseSpecificationImpl.validateResponseIfRequired(ResponseSpecificationImpl.groovy:674)
at jdk.internal.reflect.GeneratedMethodAccessor41.invoke(Unknown Source)
at java.base/jdk.internal.reflect.DelegatingMethodAccessorImpl.invoke(DelegatingMethodAccessorImpl.java:43)
at java.base/java.lang.reflect.Method.invoke(Method.java:567)
at org.codehaus.groovy.runtime.callsite.PlainObjectMetaMethodSite.doInvoke(PlainObjectMetaMethodSite.java:43)
at org.codehaus.groovy.runtime.callsite.PogoMetaMethodSite$PogoCachedMethodSiteNoUnwrapNoCoerce.invoke(PogoMetaMethodSite.java:190)
at org.codehaus.groovy.runtime.callsite.PogoMetaMethodSite.callCurrent(PogoMetaMethodSite.java:58)
at org.codehaus.groovy.runtime.callsite.AbstractCallSite.callCurrent(AbstractCallSite.java:168)
at io.restassured.internal.ResponseSpecificationImpl.statusCode(ResponseSpecificationImpl.groovy:126)
at io.restassured.specification.ResponseSpecification$statusCode$0.callCurrent(Unknown Source)
at io.restassured.internal.ResponseSpecificationImpl.statusCode(ResponseSpecificationImpl.groovy:134)
at io.restassured.internal.ValidatableResponseOptionsImpl.statusCode(ValidatableResponseOptionsImpl.java:89)
at io.restassured.internal.ValidatableResponseImpl.super$2$statusCode(ValidatableResponseImpl.groovy)
at jdk.internal.reflect.GeneratedMethodAccessor144.invoke(Unknown Source)
at java.base/jdk.internal.reflect.DelegatingMethodAccessorImpl.invoke(DelegatingMethodAccessorImpl.java:43)
at java.base/java.lang.reflect.Method.invoke(Method.java:567)
at org.codehaus.groovy.reflection.CachedMethod.invoke(CachedMethod.java:101)
at groovy.lang.MetaMethod.doMethodInvoke(MetaMethod.java:323)
at groovy.lang.MetaClassImpl.invokeMethod(MetaClassImpl.java:1217)
at org.codehaus.groovy.runtime.ScriptBytecodeAdapter.invokeMethodOnSuperN(ScriptBytecodeAdapter.java:144)
at io.restassured.internal.ValidatableResponseImpl.statusCode(ValidatableResponseImpl.groovy:142)
at io.restassured.internal.ValidatableResponseImpl.statusCode(ValidatableResponseImpl.groovy)
at RestAssuredProject.GmailAPI.createDraftinGmail(GmailAPI.java:286)
at RestAssuredProject.GmailAPITest.createDraftinGmail(GmailAPITest.java:169)
at java.base/jdk.internal.reflect.NativeMethodAccessorImpl.invoke0(Native Method)
at java.base/jdk.internal.reflect.NativeMethodAccessorImpl.invoke(NativeMethodAccessorImpl.java:62)
at java.base/jdk.internal.reflect.DelegatingMethodAccessorImpl.invoke(DelegatingMethodAccessorImpl.java:43)
at java.base/java.lang.reflect.Method.invoke(Method.java:567)
at org.testng.internal.MethodInvocationHelper.invokeMethod(MethodInvocationHelper.java:133)
at org.testng.internal.TestInvoker.invokeMethod(TestInvoker.java:584)
at org.testng.internal.TestInvoker.invokeTestMethod(TestInvoker.java:172)
at org.testng.internal.MethodRunner.runInSequence(MethodRunner.java:46)
at org.testng.internal.TestInvoker$MethodInvocationAgent.invoke(TestInvoker.java:804)
at org.testng.internal.TestInvoker.invokeTestMethods(TestInvoker.java:145)
at org.testng.internal.TestMethodWorker.invokeTestMethods(TestMethodWorker.java:146)
at org.testng.internal.TestMethodWorker.run(TestMethodWorker.java:128)
at java.base/java.util.ArrayList.forEach(ArrayList.java:1540)
at org.testng.TestRunner.privateRun(TestRunner.java:770)
at org.testng.TestRunner.run(TestRunner.java:591)
at org.testng.SuiteRunner.runTest(SuiteRunner.java:402)
at org.testng.SuiteRunner.runSequentially(SuiteRunner.java:396)
at org.testng.SuiteRunner.privateRun(SuiteRunner.java:355)
at org.testng.SuiteRunner.run(SuiteRunner.java:304)
at org.testng.SuiteRunnerWorker.runSuite(SuiteRunnerWorker.java:53)
at org.testng.SuiteRunnerWorker.run(SuiteRunnerWorker.java:96)
at org.testng.TestNG.runSuitesSequentially(TestNG.java:1180)
at org.testng.TestNG.runSuitesLocally(TestNG.java:1102)
at org.testng.TestNG.runSuites(TestNG.java:1032)
at org.testng.TestNG.run(TestNG.java:1000)
at org.testng.remote.AbstractRemoteTestNG.run(AbstractRemoteTestNG.java:115)
at org.testng.remote.RemoteTestNG.initAndRun(RemoteTestNG.java:251)
at org.testng.remote.RemoteTestNG.main(RemoteTestNG.java:77)
]]>
            </full-stacktrace>
          </exception> <!-- java.lang.AssertionError -->
          <reporter-output>
          </reporter-output>
        </test-method> <!-- createDraftinGmail -->
      </class> <!-- RestAssuredProject.GmailAPITest -->
    </test> <!-- GmailAPITest -->
    <test started-at="2019-11-21T20:03:56 IST" name="AbusiveExperienceAPITest" finished-at="2019-11-21T20:06:15 IST" duration-ms="139474">
      <class name="RestAssuredProject.AbusiveExperienceAPITest">
        <test-method is-config="true" signature="reportSetup()[pri:0, instance:RestAssuredProject.AbusiveExperienceAPITest@703580bf]" started-at="2019-11-21T20:02:13 IST" name="reportSetup" finished-at="2019-11-21T20:02:14 IST" duration-ms="351" status="PASS">
          <reporter-output>
          </reporter-output>
        </test-method> <!-- reportSetup -->
        <test-method signature="AbusiveStatusTestRun(java.lang.String)[pri:1, instance:RestAssuredProject.AbusiveExperienceAPITest@703580bf]" started-at="2019-11-21T20:03:56 IST" name="AbusiveStatusTestRun" data-provider="AbusiveStatusTestData" finished-at="2019-11-21T20:03:58 IST" duration-ms="2158" status="PASS">
          <params>
            <param index="0">
              <value>
                <![CDATA[amazon]]>
              </value>
            </param>
          </params>
          <reporter-output>
          </reporter-output>
        </test-method> <!-- AbusiveStatusTestRun -->
        <test-method signature="ViolatingSitesTestRun()[pri:1, instance:RestAssuredProject.AbusiveExperienceAPITest@703580bf]" started-at="2019-11-21T20:03:58 IST" name="ViolatingSitesTestRun" finished-at="2019-11-21T20:06:15 IST" duration-ms="137289" status="PASS">
          <reporter-output>
          </reporter-output>
        </test-method> <!-- ViolatingSitesTestRun -->
        <test-method is-config="true" signature="reportTearDown()[pri:0, instance:RestAssuredProject.AbusiveExperienceAPITest@703580bf]" started-at="2019-11-21T20:06:15 IST" name="reportTearDown" finished-at="2019-11-21T20:06:16 IST" duration-ms="602" status="PASS">
          <reporter-output>
          </reporter-output>
        </test-method> <!-- reportTearDown -->
      </class> <!-- RestAssuredProject.AbusiveExperienceAPITest -->
    </test> <!-- AbusiveExperienceAPITest -->
  </suite> <!-- RestAssured-GoogleAPISuite -->
</testng-results>
